Using pre-set license
Built from '2021.3/staging' branch; Version is '2021.3.1f1 (3b70a0754835) revision 3895456'; Using compiler version '192829333'; Build Type 'Release'
OS: 'Windows 10  (10.0.19043) 64bit Professional' Language: 'en' Physical Memory: 16342 MB
BatchMode: 1, IsHumanControllingUs: 0, StartBugReporterOnCrash: 0, Is64bit: 1, IsPro: 1

COMMAND LINE ARGUMENTS:
O:\DEV\Unity\2021.3.1f1\Editor\Unity.exe
-adb2
-batchMode
-noUpm
-name
AssetImportWorker2
-projectPath
A:/Dev/GMTK-Jam-2022/GMTK-Jam2022
-logFile
Logs/AssetImportWorker2.log
-srvPort
16976
Successfully changed project path to: A:/Dev/GMTK-Jam-2022/GMTK-Jam2022
A:/Dev/GMTK-Jam-2022/GMTK-Jam2022
[UnityMemory] Configuration Parameters - Can be set up in boot.config
    "memorysetup-bucket-allocator-granularity=16"
    "memorysetup-bucket-allocator-bucket-count=8"
    "memorysetup-bucket-allocator-block-size=33554432"
    "memorysetup-bucket-allocator-block-count=8"
    "memorysetup-main-allocator-block-size=16777216"
    "memorysetup-thread-allocator-block-size=16777216"
    "memorysetup-gfx-main-allocator-block-size=16777216"
    "memorysetup-gfx-thread-allocator-block-size=16777216"
    "memorysetup-cache-allocator-block-size=4194304"
    "memorysetup-typetree-allocator-block-size=2097152"
    "memorysetup-profiler-bucket-allocator-granularity=16"
    "memorysetup-profiler-bucket-allocator-bucket-count=8"
    "memorysetup-profiler-bucket-allocator-block-size=33554432"
    "memorysetup-profiler-bucket-allocator-block-count=8"
    "memorysetup-profiler-allocator-block-size=16777216"
    "memorysetup-profiler-editor-allocator-block-size=1048576"
    "memorysetup-temp-allocator-size-main=16777216"
    "memorysetup-job-temp-allocator-block-size=2097152"
    "memorysetup-job-temp-allocator-block-size-background=1048576"
    "memorysetup-job-temp-allocator-reduction-small-platforms=262144"
    "memorysetup-temp-allocator-size-background-worker=32768"
    "memorysetup-temp-allocator-size-job-worker=262144"
    "memorysetup-temp-allocator-size-preload-manager=33554432"
    "memorysetup-temp-allocator-size-nav-mesh-worker=65536"
    "memorysetup-temp-allocator-size-audio-worker=65536"
    "memorysetup-temp-allocator-size-cloud-worker=32768"
    "memorysetup-temp-allocator-size-gi-baking-worker=262144"
    "memorysetup-temp-allocator-size-gfx=262144"
Refreshing native plugins compatible for Editor in 82.50 ms, found 4 plugins.
Preloading 0 native plugins for Editor in 0.00 ms.
Initialize engine version: 2021.3.1f1 (3b70a0754835)
[Subsystems] Discovering subsystems at path O:/DEV/Unity/2021.3.1f1/Editor/Data/Resources/UnitySubsystems
[Subsystems] Discovering subsystems at path A:/Dev/GMTK-Jam-2022/GMTK-Jam2022/Assets
GfxDevice: creating device client; threaded=0; jobified=0
Direct3D:
    Version:  Direct3D 11.0 [level 11.1]
    Renderer: NVIDIA GeForce RTX 3080 Ti (ID=0x2208)
    Vendor:   NVIDIA
    VRAM:     12108 MB
    Driver:   30.0.15.1295
Initialize mono
Mono path[0] = 'O:/DEV/Unity/2021.3.1f1/Editor/Data/Managed'
Mono path[1] = 'O:/DEV/Unity/2021.3.1f1/Editor/Data/MonoBleedingEdge/lib/mono/unityjit-win32'
Mono config path = 'O:/DEV/Unity/2021.3.1f1/Editor/Data/MonoBleedingEdge/etc'
Using monoOptions --debugger-agent=transport=dt_socket,embedding=1,server=y,suspend=n,address=127.0.0.1:56316
Begin MonoManager ReloadAssembly
Registering precompiled unity dll's ...
Register platform support module: O:/DEV/Unity/2021.3.1f1/Editor/Data/PlaybackEngines/MacStandaloneSupport/UnityEditor.OSXStandalone.Extensions.dll
Register platform support module: O:/DEV/Unity/2021.3.1f1/Editor/Data/PlaybackEngines/AndroidPlayer/UnityEditor.Android.Extensions.dll
Register platform support module: O:/DEV/Unity/2021.3.1f1/Editor/Data/PlaybackEngines/WindowsStandaloneSupport/UnityEditor.WindowsStandalone.Extensions.dll
Register platform support module: O:/DEV/Unity/2021.3.1f1/Editor/Data/PlaybackEngines/LinuxStandaloneSupport/UnityEditor.LinuxStandalone.Extensions.dll
Registered in 0.003860 seconds.
Native extension for LinuxStandalone target not found
Native extension for WindowsStandalone target not found
Native extension for Android target not found
Native extension for OSXStandalone target not found
Refreshing native plugins compatible for Editor in 72.54 ms, found 4 plugins.
Preloading 0 native plugins for Editor in 0.00 ms.
Mono: successfully reloaded assembly
- Completed reload, in  0.577 seconds
Domain Reload Profiling:
	ReloadAssembly (577ms)
		BeginReloadAssembly (66ms)
			ExecutionOrderSort (0ms)
			DisableScriptedObjects (0ms)
			BackupInstance (0ms)
			ReleaseScriptingObjects (0ms)
			CreateAndSetChildDomain (1ms)
		EndReloadAssembly (414ms)
			LoadAssemblies (66ms)
			RebuildTransferFunctionScriptingTraits (0ms)
			SetupTypeCache (99ms)
			ReleaseScriptCaches (0ms)
			RebuildScriptCaches (24ms)
			SetupLoadedEditorAssemblies (249ms)
				LogAssemblyErrors (0ms)
				InitializePlatformSupportModulesInManaged (50ms)
				SetLoadedEditorAssemblies (0ms)
				RefreshPlugins (73ms)
				BeforeProcessingInitializeOnLoad (1ms)
				ProcessInitializeOnLoadAttributes (83ms)
				ProcessInitializeOnLoadMethodAttributes (43ms)
				AfterProcessingInitializeOnLoad (0ms)
				EditorAssembliesLoaded (0ms)
			ExecutionOrderSort2 (0ms)
			AwakeInstancesAfterBackupRestoration (0ms)
Platform modules already initialized, skipping
Registering precompiled user dll's ...
Registered in 0.004476 seconds.
Begin MonoManager ReloadAssembly
Symbol file LoadedFromMemory doesn't match image A:\Dev\GMTK-Jam-2022\GMTK-Jam2022\Library\PackageCache\com.unity.visualscripting@1.7.6\Editor\VisualScripting.Core\Dependencies\YamlDotNet\Unity.VisualScripting.YamlDotNet.dll
Symbol file LoadedFromMemory is not a mono symbol file
Symbol file LoadedFromMemory doesn't match image A:\Dev\GMTK-Jam-2022\GMTK-Jam2022\Library\PackageCache\com.unity.visualscripting@1.7.6\Editor\VisualScripting.Core\Dependencies\DotNetZip\Unity.VisualScripting.IonicZip.dll
Native extension for LinuxStandalone target not found
Native extension for WindowsStandalone target not found
Native extension for Android target not found
Native extension for OSXStandalone target not found
Refreshing native plugins compatible for Editor in 72.22 ms, found 4 plugins.
Preloading 0 native plugins for Editor in 0.00 ms.
Mono: successfully reloaded assembly
- Completed reload, in  1.090 seconds
Domain Reload Profiling:
	ReloadAssembly (1091ms)
		BeginReloadAssembly (224ms)
			ExecutionOrderSort (0ms)
			DisableScriptedObjects (5ms)
			BackupInstance (0ms)
			ReleaseScriptingObjects (0ms)
			CreateAndSetChildDomain (141ms)
		EndReloadAssembly (776ms)
			LoadAssemblies (88ms)
			RebuildTransferFunctionScriptingTraits (0ms)
			SetupTypeCache (210ms)
			ReleaseScriptCaches (1ms)
			RebuildScriptCaches (58ms)
			SetupLoadedEditorAssemblies (387ms)
				LogAssemblyErrors (0ms)
				InitializePlatformSupportModulesInManaged (14ms)
				SetLoadedEditorAssemblies (0ms)
				RefreshPlugins (72ms)
				BeforeProcessingInitializeOnLoad (71ms)
				ProcessInitializeOnLoadAttributes (194ms)
				ProcessInitializeOnLoadMethodAttributes (33ms)
				AfterProcessingInitializeOnLoad (3ms)
				EditorAssembliesLoaded (0ms)
			ExecutionOrderSort2 (0ms)
			AwakeInstancesAfterBackupRestoration (10ms)
Platform modules already initialized, skipping
========================================================================
Worker process is ready to serve import requests
Launched and connected shader compiler UnityShaderCompiler.exe after 0.05 seconds
Refreshing native plugins compatible for Editor in 1.16 ms, found 4 plugins.
Preloading 0 native plugins for Editor in 0.00 ms.
Unloading 3917 Unused Serialized files (Serialized files now loaded: 0)
Unloading 34 unused Assets / (55.6 KB). Loaded Objects now: 4379.
Memory consumption went from 147.2 MB to 147.1 MB.
Total: 2.893800 ms (FindLiveObjects: 0.309200 ms CreateObjectMapping: 0.238000 ms MarkObjects: 2.279600 ms  DeleteObjects: 0.066100 ms)

AssetImportParameters requested are different than current active one (requested -> active):
  custom:video-decoder-ogg-theora: a1e56fd34408186e4bbccfd4996cb3dc -> 
  custom:container-muxer-webm: aa71ff27fc2769a1b78a27578f13a17b -> 
  custom:container-demuxer-webm: 4f35f7cbe854078d1ac9338744f61a02 -> 
  custom:video-encoder-webm-vp8: eb34c28f22e8b96e1ab97ce403110664 -> 
  custom:video-codec-MediaFoundation-h265: 746d11721c4dcdbdad8f713fa42b33f4 -> 
  custom:audio-encoder-webm-vorbis: bf7c407c2cedff20999df2af8eb42d56 -> 
  custom:framework-win-MediaFoundation: 216162199b28c13a410421893ffa2e32 -> 
  custom:container-demuxer-ogg: 62fdf1f143b41e24485cea50d1cbac27 -> 
  custom:video-decoder-webm-vp8: 9c59270c3fd7afecdb556c50c9e8de78 -> 
  custom:audio-decoder-ogg-vorbis: bf7c407c2cedff20999df2af8eb42d56 -> 
========================================================================
Received Import Request.
  Time since last request: 5015.671495 seconds.
  path: Assets/Images
  artifactKey: Guid(ea8e203b6b3a83449b39bfbf5c26cdca) Importer(815301076,1909f56bfc062723c751e8b465ee728b)
Start importing Assets/Images using Guid(ea8e203b6b3a83449b39bfbf5c26cdca) Importer(815301076,1909f56bfc062723c751e8b465ee728b)  -> (artifact id: '82e90dbf36e392a2e296742a1780e25e') in 0.006551 seconds 
========================================================================
Received Import Request.
  Time since last request: 47.794413 seconds.
  path: Assets/Images/Beholder
  artifactKey: Guid(ec0290242b373cb44b77899ed7f15614) Importer(815301076,1909f56bfc062723c751e8b465ee728b)
Start importing Assets/Images/Beholder using Guid(ec0290242b373cb44b77899ed7f15614) Importer(815301076,1909f56bfc062723c751e8b465ee728b)  -> (artifact id: '97a2637d4ca4343d0e5d561329faa631') in 0.001712 seconds 
========================================================================
Received Import Request.
  Time since last request: 0.017193 seconds.
  path: Assets/Images/Beholder/Beholder_01.png
  artifactKey: Guid(6fd7fcc8a6ff84b4398f64d61c563135) Importer(815301076,1909f56bfc062723c751e8b465ee728b)
Start importing Assets/Images/Beholder/Beholder_01.png using Guid(6fd7fcc8a6ff84b4398f64d61c563135) Importer(815301076,1909f56bfc062723c751e8b465ee728b)  -> (artifact id: '2f26a65cc45ecd9d8fd9f4ae39901ec2') in 0.106102 seconds 
========================================================================
Received Import Request.
  Time since last request: 9.174593 seconds.
  path: Assets/Images/BoltBlue
  artifactKey: Guid(d330bbc048743e8478f0c10785ceadfc) Importer(815301076,1909f56bfc062723c751e8b465ee728b)
Start importing Assets/Images/BoltBlue using Guid(d330bbc048743e8478f0c10785ceadfc) Importer(815301076,1909f56bfc062723c751e8b465ee728b)  -> (artifact id: 'ce868ade980f0e72aae57b580b9dc3fa') in 0.002251 seconds 
========================================================================
Received Import Request.
  Time since last request: 0.017863 seconds.
  path: Assets/Images/BoltBlue/BlueBolt_01.png
  artifactKey: Guid(325c1b14b82608043881ea44db856f9e) Importer(815301076,1909f56bfc062723c751e8b465ee728b)
Start importing Assets/Images/BoltBlue/BlueBolt_01.png using Guid(325c1b14b82608043881ea44db856f9e) Importer(815301076,1909f56bfc062723c751e8b465ee728b)  -> (artifact id: '090a0da493a53363c4bfee4f914eb82d') in 0.015190 seconds 
========================================================================
Received Import Request.
  Time since last request: 0.000024 seconds.
  path: Assets/Images/BoltBlue/BlueBolt_04.png
  artifactKey: Guid(c0f15de61218f8449bc81e39cac21be7) Importer(815301076,1909f56bfc062723c751e8b465ee728b)
Start importing Assets/Images/BoltBlue/BlueBolt_04.png using Guid(c0f15de61218f8449bc81e39cac21be7) Importer(815301076,1909f56bfc062723c751e8b465ee728b)  -> (artifact id: 'e42bd6f12510fb027bfc7e9860c80096') in 0.013556 seconds 
========================================================================
Received Import Request.
  Time since last request: 2.351021 seconds.
  path: Assets/Images/BoltRed
  artifactKey: Guid(a6c87a7bddca36944931d632444ba2b2) Importer(815301076,1909f56bfc062723c751e8b465ee728b)
Start importing Assets/Images/BoltRed using Guid(a6c87a7bddca36944931d632444ba2b2) Importer(815301076,1909f56bfc062723c751e8b465ee728b)  -> (artifact id: '07a3f3c1127dd669d187e76ff4990b61') in 0.009160 seconds 
========================================================================
Received Import Request.
  Time since last request: 0.015607 seconds.
  path: Assets/Images/BoltRed/RedBolt_01.png
  artifactKey: Guid(de802c474a738cc4b9dbb6497ba48ad8) Importer(815301076,1909f56bfc062723c751e8b465ee728b)
Start importing Assets/Images/BoltRed/RedBolt_01.png using Guid(de802c474a738cc4b9dbb6497ba48ad8) Importer(815301076,1909f56bfc062723c751e8b465ee728b)  -> (artifact id: '4d1e4d25d2d86a83b8aafd16aa5bab4b') in 0.014132 seconds 
========================================================================
Received Import Request.
  Time since last request: 0.000025 seconds.
  path: Assets/Images/BoltRed/RedBolt_03.png
  artifactKey: Guid(4e39692e8d0464c4ebda991660f459a2) Importer(815301076,1909f56bfc062723c751e8b465ee728b)
Start importing Assets/Images/BoltRed/RedBolt_03.png using Guid(4e39692e8d0464c4ebda991660f459a2) Importer(815301076,1909f56bfc062723c751e8b465ee728b)  -> (artifact id: 'c4b0e07c122bf3bca174d72f95652578') in 0.012407 seconds 
========================================================================
Received Import Request.
  Time since last request: 1.278393 seconds.
  path: Assets/Images/Dice_Textures
  artifactKey: Guid(10437afebbae98449b014ac36ecb84b7) Importer(815301076,1909f56bfc062723c751e8b465ee728b)
Start importing Assets/Images/Dice_Textures using Guid(10437afebbae98449b014ac36ecb84b7) Importer(815301076,1909f56bfc062723c751e8b465ee728b)  -> (artifact id: 'db2ce79f6d8b88504425656b4626286a') in 0.001455 seconds 
========================================================================
Received Import Request.
  Time since last request: 0.018012 seconds.
  path: Assets/Images/Dice_Textures/dice.png
  artifactKey: Guid(330a343b8323be44eba8b037dacf9b30) Importer(815301076,1909f56bfc062723c751e8b465ee728b)
Start importing Assets/Images/Dice_Textures/dice.png using Guid(330a343b8323be44eba8b037dacf9b30) Importer(815301076,1909f56bfc062723c751e8b465ee728b)  -> (artifact id: 'c8b2df3b36666e96875a3f5da30737c0') in 0.087571 seconds 
========================================================================
Received Import Request.
  Time since last request: 0.000023 seconds.
  path: Assets/Images/Dice_Textures/dice_05.png
  artifactKey: Guid(0c7516f06b63ca1448cc7bf17aeeffa6) Importer(815301076,1909f56bfc062723c751e8b465ee728b)
Start importing Assets/Images/Dice_Textures/dice_05.png using Guid(0c7516f06b63ca1448cc7bf17aeeffa6) Importer(815301076,1909f56bfc062723c751e8b465ee728b)  -> (artifact id: 'ee86eaa4836e2ba90639accb57cff01a') in 0.054131 seconds 
========================================================================
Received Import Request.
  Time since last request: 0.000018 seconds.
  path: Assets/Images/Dice_Textures/Dice_3.png
  artifactKey: Guid(0020de9e800c9cf45a43448fd884014e) Importer(815301076,1909f56bfc062723c751e8b465ee728b)
Start importing Assets/Images/Dice_Textures/Dice_3.png using Guid(0020de9e800c9cf45a43448fd884014e) Importer(815301076,1909f56bfc062723c751e8b465ee728b)  -> (artifact id: '9f51a33435e38db94dd38b6025537eaa') in 0.026695 seconds 
========================================================================
Received Import Request.
  Time since last request: 0.000034 seconds.
  path: Assets/Images/Dice_Textures/Dice_Spawn.png
  artifactKey: Guid(07910341c1d2081418ee5e565f63db1d) Importer(815301076,1909f56bfc062723c751e8b465ee728b)
Start importing Assets/Images/Dice_Textures/Dice_Spawn.png using Guid(07910341c1d2081418ee5e565f63db1d) Importer(815301076,1909f56bfc062723c751e8b465ee728b)  -> (artifact id: '7ee533313c43ba9d34201f2057647563') in 0.017595 seconds 
========================================================================
Received Import Request.
  Time since last request: 0.000023 seconds.
  path: Assets/Images/Dice_Textures/Dice_5.png
  artifactKey: Guid(26958297b8e43954399d9c44cbb7e7b5) Importer(815301076,1909f56bfc062723c751e8b465ee728b)
Start importing Assets/Images/Dice_Textures/Dice_5.png using Guid(26958297b8e43954399d9c44cbb7e7b5) Importer(815301076,1909f56bfc062723c751e8b465ee728b)  -> (artifact id: '1f464442d42e01aebe77f74e880352f4') in 0.036941 seconds 
========================================================================
Received Import Request.
  Time since last request: 0.000025 seconds.
  path: Assets/Images/Dice_Textures/Dice_1.png
  artifactKey: Guid(2ee8098001228d546aec76d7afb0471e) Importer(815301076,1909f56bfc062723c751e8b465ee728b)
Start importing Assets/Images/Dice_Textures/Dice_1.png using Guid(2ee8098001228d546aec76d7afb0471e) Importer(815301076,1909f56bfc062723c751e8b465ee728b)  -> (artifact id: '92f0eb14c60f8177173cc13632ea797c') in 0.016581 seconds 
========================================================================
Received Import Request.
  Time since last request: 0.000022 seconds.
  path: Assets/Images/Dice_Textures/Dice_2.png
  artifactKey: Guid(e221fc4624737ba4e80d0cc2fb4edf37) Importer(815301076,1909f56bfc062723c751e8b465ee728b)
Start importing Assets/Images/Dice_Textures/Dice_2.png using Guid(e221fc4624737ba4e80d0cc2fb4edf37) Importer(815301076,1909f56bfc062723c751e8b465ee728b)  -> (artifact id: '49a7a031545d0c40e6615353f69e4c30') in 0.023894 seconds 
========================================================================
Received Import Request.
  Time since last request: 0.000025 seconds.
  path: Assets/Images/Dice_Textures/dice_03.png
  artifactKey: Guid(85e91577bc9a8294b8c9d3a67de73ee5) Importer(815301076,1909f56bfc062723c751e8b465ee728b)
Start importing Assets/Images/Dice_Textures/dice_03.png using Guid(85e91577bc9a8294b8c9d3a67de73ee5) Importer(815301076,1909f56bfc062723c751e8b465ee728b)  -> (artifact id: '0015b6fd861d4eb6b2a0d8a670a66b86') in 0.035011 seconds 
========================================================================
Received Import Request.
  Time since last request: 1.934591 seconds.
  path: Assets/Images/Miscellaneous
  artifactKey: Guid(0873516934ab5cd41a8fe7916f42a9d1) Importer(815301076,1909f56bfc062723c751e8b465ee728b)
Start importing Assets/Images/Miscellaneous using Guid(0873516934ab5cd41a8fe7916f42a9d1) Importer(815301076,1909f56bfc062723c751e8b465ee728b)  -> (artifact id: '7c692c4a86c18c24ea979fd6b1a5b181') in 0.001481 seconds 
========================================================================
Received Import Request.
  Time since last request: 0.054377 seconds.
  path: Assets/Images/Miscellaneous/Arena.png
  artifactKey: Guid(c6e667deb627b6f49bbe68e334dff4ea) Importer(815301076,1909f56bfc062723c751e8b465ee728b)
Start importing Assets/Images/Miscellaneous/Arena.png using Guid(c6e667deb627b6f49bbe68e334dff4ea) Importer(815301076,1909f56bfc062723c751e8b465ee728b)  -> (artifact id: 'cb2b9c97d397a9c00f9f8b7d47d768a9') in 0.093684 seconds 
========================================================================
Received Import Request.
  Time since last request: 3.630414 seconds.
  path: Assets/Images/Skeleton
  artifactKey: Guid(2657c75b2c11b8644a847ebc1fb9a9de) Importer(815301076,1909f56bfc062723c751e8b465ee728b)
Start importing Assets/Images/Skeleton using Guid(2657c75b2c11b8644a847ebc1fb9a9de) Importer(815301076,1909f56bfc062723c751e8b465ee728b)  -> (artifact id: 'f979007524dc9f3082b885aa99d7d457') in 0.001278 seconds 
Editor requested this worker to shutdown with reason: Scaling down because of idle timeout
AssetImportWorker is now disconnected from the server
Process exiting
Exiting without the bug reporter. Application will terminate with return code 0